<?xml version="1.0" encoding="UTF-8"?>
<!-- Generated by org.testng.reporters.JUnitReportReporter -->
<testsuite hostname="LAPTOP-J4LBOUIP" failures="0" tests="1" name="Com.Actitime.GenericLiabrary.BaseClass" time="6.278" errors="0" timestamp="2023-05-10T10:17:59 IST" skipped="0">
  <testcase classname="Com.Actitime.GenericLiabrary.BaseClass" name="addMe" time="6.278"/>
  <system-out>
    <![CDATA[nilesh is best]]>
  </system-out>
</testsuite> <!-- Com.Actitime.GenericLiabrary.BaseClass -->
