<?xml version="1.0" encoding="UTF-8"?>
<!-- Generated by org.testng.reporters.JUnitReportReporter -->
<testsuite hostname="LAPTOP-J4LBOUIP" failures="0" tests="2" name="Com.Actitime.TestScripts.Task" time="25.118" errors="0" timestamp="2023-05-10T10:19:06 IST" skipped="0">
  <testcase classname="Com.Actitime.TestScripts.Task" name="createCustomer" time="21.915"/>
  <system-out/>
  <testcase classname="Com.Actitime.TestScripts.Task" name="addMe" time="3.203"/>
  <system-out>
    <![CDATA[nilesh is best]]>
  </system-out>
</testsuite> <!-- Com.Actitime.TestScripts.Task -->
